=========================================================================
Log Path: cleaned_data/log/data_cleaning.log
Program Path: D:/Estelle/Rscripts/covid_monitoring_app/cleaned_data/data_cleaning.R
Working Directory: D:/Estelle/Rscripts/covid_monitoring_app
User Name: kenny
R Version: 4.1.0 (2021-05-18)
Machine: DESKTOP-8RBO3NE x86-64
Operating System: Windows 10 x64 build 19043
Base Packages: grid stats graphics grDevices utils datasets methods
               base 
Other Packages: maps_3.4.0 ggthemes_4.2.4 shinythemes_1.2.0 RColorBrewer_1.1-2 directlabels_2021.1.13
                viridis_0.6.1 viridisLite_0.4.0 wesanderson_0.3.6 gridExtra_2.3 shiny_1.7.1
                logr_1.2.9 testit_0.13 zoo_1.8-9 lubridate_1.7.10 forcats_0.5.1
                stringr_1.4.0 dplyr_1.0.7 purrr_0.3.4 readr_2.0.0 tidyr_1.1.3
                tibble_3.1.3 ggplot2_3.3.5 tidyverse_1.3.1 
Log Start Time: 2022-04-19 22:09:56
=========================================================================

NULL

NOTE: Log Print Time:  2022-04-19 22:10:13
NOTE: Elapsed Time in seconds: 16.7332758903503

=========================================================================
Log End Time: 2022-04-19 22:10:13
Log Elapsed Time: 0 00:00:16
=========================================================================
